Determining if the pthread_create exist failed with the following output:
Change Dir: /home/yyg/code/lidarCode/build/CMakeFiles/CMakeTmp

Run Build Command:"/usr/bin/make" "cmTC_9470a/fast"
/usr/bin/make -f CMakeFiles/cmTC_9470a.dir/build.make CMakeFiles/cmTC_9470a.dir/build
make[1]: Entering directory '/home/yyg/code/lidarCode/build/CMakeFiles/CMakeTmp'
Building C object CMakeFiles/cmTC_9470a.dir/CheckSymbolExists.c.o
/usr/bin/cc     -o CMakeFiles/cmTC_9470a.dir/CheckSymbolExists.c.o   -c /home/yyg/code/lidarCode/build/CMakeFiles/CMakeTmp/CheckSymbolExists.c
Linking C executable cmTC_9470a
/usr/bin/cmake -E cmake_link_script CMakeFiles/cmTC_9470a.dir/link.txt --verbose=1
/usr/bin/cc       CMakeFiles/cmTC_9470a.dir/CheckSymbolExists.c.o  -o cmTC_9470a -rdynamic 
CMakeFiles/cmTC_9470a.dir/CheckSymbolExists.c.o：在函数‘main’中：
CheckSymbolExists.c:(.text+0x16)：对‘pthread_create’未定义的引用
collect2: error: ld returned 1 exit status
CMakeFiles/cmTC_9470a.dir/build.make:97: recipe for target 'cmTC_9470a' failed
make[1]: *** [cmTC_9470a] Error 1
make[1]: Leaving directory '/home/yyg/code/lidarCode/build/CMakeFiles/CMakeTmp'
Makefile:126: recipe for target 'cmTC_9470a/fast' failed
make: *** [cmTC_9470a/fast] Error 2

File /home/yyg/code/lidarCode/build/CMakeFiles/CMakeTmp/CheckSymbolExists.c:
/* */
#include <pthread.h>

int main(int argc, char** argv)
{
  (void)argv;
#ifndef pthread_create
  return ((int*)(&pthread_create))[argc];
#else
  (void)argc;
  return 0;
#endif
}

Determining if the function pthread_create exists in the pthreads failed with the following output:
Change Dir: /home/yyg/code/lidarCode/build/CMakeFiles/CMakeTmp

Run Build Command:"/usr/bin/make" "cmTC_539dc/fast"
/usr/bin/make -f CMakeFiles/cmTC_539dc.dir/build.make CMakeFiles/cmTC_539dc.dir/build
make[1]: Entering directory '/home/yyg/code/lidarCode/build/CMakeFiles/CMakeTmp'
Building C object CMakeFiles/cmTC_539dc.dir/CheckFunctionExists.c.o
/usr/bin/cc    -DCHECK_FUNCTION_EXISTS=pthread_create   -o CMakeFiles/cmTC_539dc.dir/CheckFunctionExists.c.o   -c /usr/share/cmake-3.5/Modules/CheckFunctionExists.c
Linking C executable cmTC_539dc
/usr/bin/cmake -E cmake_link_script CMakeFiles/cmTC_539dc.dir/link.txt --verbose=1
/usr/bin/cc   -DCHECK_FUNCTION_EXISTS=pthread_create    CMakeFiles/cmTC_539dc.dir/CheckFunctionExists.c.o  -o cmTC_539dc -rdynamic -lpthreads 
/usr/bin/ld: 找不到 -lpthreads
collect2: error: ld returned 1 exit status
CMakeFiles/cmTC_539dc.dir/build.make:97: recipe for target 'cmTC_539dc' failed
make[1]: *** [cmTC_539dc] Error 1
make[1]: Leaving directory '/home/yyg/code/lidarCode/build/CMakeFiles/CMakeTmp'
Makefile:126: recipe for target 'cmTC_539dc/fast' failed
make: *** [cmTC_539dc/fast] Error 2


